  main.cpp
C:\Program Files (x86)\Microsoft Visual Studio\2019\Community\VC\Tools\MSVC\14.29.30133\include\xmemory(1893,9): error C2259: "CBody": невозможно создать экземпляр абстрактного класса
D:\1`University\ООП\lw4\CBody\CBody\CBody.h(4): message : см. объявление "CBody"
C:\Program Files (x86)\Microsoft Visual Studio\2019\Community\VC\Tools\MSVC\14.29.30133\include\xmemory(1893,9): message : из-за следующих членов:
C:\Program Files (x86)\Microsoft Visual Studio\2019\Community\VC\Tools\MSVC\14.29.30133\include\xmemory(1893,9): message : double CBody::GetDensity(void) const: абстрактный
D:\1`University\ООП\lw4\CBody\CBody\CBody.h(7): message : см. объявление "CBody::GetDensity"
C:\Program Files (x86)\Microsoft Visual Studio\2019\Community\VC\Tools\MSVC\14.29.30133\include\xmemory(1893,9): message : double CBody::GetVolume(void) const: абстрактный
D:\1`University\ООП\lw4\CBody\CBody\CBody.h(8): message : см. объявление "CBody::GetVolume"
C:\Program Files (x86)\Microsoft Visual Studio\2019\Community\VC\Tools\MSVC\14.29.30133\include\xmemory(1893,9): message : double CBody::GetMass(void) const: абстрактный
D:\1`University\ООП\lw4\CBody\CBody\CBody.h(9): message : см. объявление "CBody::GetMass"
C:\Program Files (x86)\Microsoft Visual Studio\2019\Community\VC\Tools\MSVC\14.29.30133\include\memory(2027): message : выполняется компиляция ссылки на экземпляр класс шаблон функции "std::_Wrap<_Ty>"
          with
          [
              _Ty=CBody
          ]
C:\Program Files (x86)\Microsoft Visual Studio\2019\Community\VC\Tools\MSVC\14.29.30133\include\memory(2725): message : выполняется компиляция ссылки на экземпляр класс шаблон функции "std::_Ref_count_obj2<_Ty>"
          with
          [
              _Ty=CBody
          ]
D:\1`University\ООП\lw4\CBody\CBody\main.cpp(42): message : выполняется компиляция ссылки на экземпляр шаблон функции "std::shared_ptr<CBody> std::make_shared<CBody,CCone>(CCone &&)"
